<?xml version="1.0" encoding="UTF-8"?>
<!-- Generated by org.testng.reporters.JUnitReportReporter -->
<testsuite skipped="0" hostname="WKWIN6962993" name="WebTablesExamples.ReadTableDataInListOfMap" tests="1" failures="0" timestamp="2020-03-21T14:37:19 IST" time="11.037" errors="0">
  <testcase name="readTableDataInListOfMap" time="11.037" classname="WebTablesExamples.ReadTableDataInListOfMap"/>
  <system-out/>
</testsuite> <!-- WebTablesExamples.ReadTableDataInListOfMap -->
