<?xml version="1.0" encoding="UTF-8"?>
<!-- Generated by org.testng.reporters.JUnitReportReporter -->
<testsuite skipped="0" hostname="WKWIN6962993" name="WebTablesExamples.ReadTableDataInListOfMapUsingStreamAPI" tests="1" failures="0" timestamp="2020-03-21T02:08:42 IST" time="9.694" errors="0">
  <testcase name="readTableDataInListOfMap" time="9.694" classname="WebTablesExamples.ReadTableDataInListOfMapUsingStreamAPI"/>
  <system-out/>
</testsuite> <!-- WebTablesExamples.ReadTableDataInListOfMapUsingStreamAPI -->
